Determining if the pthread_create exist failed with the following output:
Change Dir: /home/nvidia/zed-ros/build/CMakeFiles/CMakeTmp

Run Build Command:"/usr/bin/make" "cmTC_307dd/fast"
/usr/bin/make -f CMakeFiles/cmTC_307dd.dir/build.make CMakeFiles/cmTC_307dd.dir/build
make[1]: Entering directory '/home/nvidia/zed-ros/build/CMakeFiles/CMakeTmp'
Building C object CMakeFiles/cmTC_307dd.dir/CheckSymbolExists.c.o
/usr/bin/cc    -o CMakeFiles/cmTC_307dd.dir/CheckSymbolExists.c.o   -c /home/nvidia/zed-ros/build/CMakeFiles/CMakeTmp/CheckSymbolExists.c
Linking C executable cmTC_307dd
/usr/bin/cmake -E cmake_link_script CMakeFiles/cmTC_307dd.dir/link.txt --verbose=1
/usr/bin/cc      -rdynamic CMakeFiles/cmTC_307dd.dir/CheckSymbolExists.c.o  -o cmTC_307dd 
CMakeFiles/cmTC_307dd.dir/CheckSymbolExists.c.o: In function `main':
CheckSymbolExists.c:(.text+0x14): undefined reference to `pthread_create'
CheckSymbolExists.c:(.text+0x18): undefined reference to `pthread_create'
collect2: error: ld returned 1 exit status
CMakeFiles/cmTC_307dd.dir/build.make:97: recipe for target 'cmTC_307dd' failed
make[1]: *** [cmTC_307dd] Error 1
make[1]: Leaving directory '/home/nvidia/zed-ros/build/CMakeFiles/CMakeTmp'
Makefile:126: recipe for target 'cmTC_307dd/fast' failed
make: *** [cmTC_307dd/fast] Error 2

File /home/nvidia/zed-ros/build/CMakeFiles/CMakeTmp/CheckSymbolExists.c:
/* */
#include <pthread.h>

int main(int argc, char** argv)
{
  (void)argv;
#ifndef pthread_create
  return ((int*)(&pthread_create))[argc];
#else
  (void)argc;
  return 0;
#endif
}

Determining if the function pthread_create exists in the pthreads failed with the following output:
Change Dir: /home/nvidia/zed-ros/build/CMakeFiles/CMakeTmp

Run Build Command:"/usr/bin/make" "cmTC_0dcfc/fast"
/usr/bin/make -f CMakeFiles/cmTC_0dcfc.dir/build.make CMakeFiles/cmTC_0dcfc.dir/build
make[1]: Entering directory '/home/nvidia/zed-ros/build/CMakeFiles/CMakeTmp'
Building C object CMakeFiles/cmTC_0dcfc.dir/CheckFunctionExists.c.o
/usr/bin/cc   -DCHECK_FUNCTION_EXISTS=pthread_create   -o CMakeFiles/cmTC_0dcfc.dir/CheckFunctionExists.c.o   -c /usr/share/cmake-3.10/Modules/CheckFunctionExists.c
Linking C executable cmTC_0dcfc
/usr/bin/cmake -E cmake_link_script CMakeFiles/cmTC_0dcfc.dir/link.txt --verbose=1
/usr/bin/cc  -DCHECK_FUNCTION_EXISTS=pthread_create    -rdynamic CMakeFiles/cmTC_0dcfc.dir/CheckFunctionExists.c.o  -o cmTC_0dcfc -lpthreads 
/usr/bin/ld: cannot find -lpthreads
collect2: error: ld returned 1 exit status
CMakeFiles/cmTC_0dcfc.dir/build.make:97: recipe for target 'cmTC_0dcfc' failed
make[1]: *** [cmTC_0dcfc] Error 1
make[1]: Leaving directory '/home/nvidia/zed-ros/build/CMakeFiles/CMakeTmp'
Makefile:126: recipe for target 'cmTC_0dcfc/fast' failed
make: *** [cmTC_0dcfc/fast] Error 2


